-------------------------------------------------------------------------------
Test set: learn.ApplicationTests
-------------------------------------------------------------------------------
Tests run: 1, Failures: 0, Errors: 1, Skipped: 0, Time elapsed: 0.901 s <<< FAILURE! - in learn.ApplicationTests
initializationError(learn.ApplicationTests)  Time elapsed: 0.021 s  <<< ERROR!
java.lang.IllegalStateException: Unable to find a @SpringBootConfiguration, you need to use @ContextConfiguration or @SpringBootTest(classes=...) with your test

